[ 11/09/2025 14:50:19.536 c2_l_postprocess WARN ] Lowercase character in target name "window_name".
xset:  unknown option 600

usage:  xset [-display host:dpy] option ...
    To turn bell off:
	-b                b off               b 0
    To set bell volume, pitch and duration:
	 b [vol [pitch [dur]]]          b on
    To disable bug compatibility mode:
	-bc
    To enable bug compatibility mode:
	bc
    To turn keyclick off:
	-c                c off               c 0
    To set keyclick volume:
	 c [0-100]        c on
    To control Display Power Management Signaling (DPMS) features:
	-dpms      DPMS features off
	+dpms      DPMS features on
	 dpms [standby [suspend [off]]]     
	      force standby 
	      force suspend 
	      force off 
	      force on 
	      (also implicitly enables DPMS features) 
	      a timeout value of zero disables the mode 
    To set the font path:
	 fp= path[,path...]
    To restore the default font path:
	 fp default
    To have the server reread font databases:
	 fp rehash
    To remove elements from font path:
	-fp path[,path...]  fp- path[,path...]
    To prepend or append elements to font path:
	+fp path[,path...]  fp+ path[,path...]
    To set LED states off or on:
	-led [1-32]         led off
	 led [1-32]         led on
	-led named 'name'   led off
	 led named 'name'   led on
    To set mouse acceleration and threshold:
	 m [acc_mult[/acc_div] [thr]]    m default
    To set pixel colors:
	 p pixel_value color_name
    To turn auto-repeat off or on:
	-r [keycode]        r off
	 r [keycode]        r on
	 r rate [delay [rate]]
    For screen-saver control:
	 s [timeout [cycle]]  s default    s on
	 s blank              s noblank    s off
	 s expose             s noexpose
	 s activate           s reset
    For status information:  q
    To print version: -version

** (xss-lock:20082): WARNING **: 14:50:19.551: Error getting session: GDBus.Error:org.freedesktop.login1.NoSessionForPID: PID 20082 does not belong to any known session
warning: output DP-4 not found; ignoring
** Message: 14:50:19.636: main.vala:102: Session is (null)
** Message: 14:50:19.636: main.vala:103: DE is (null)
** Message: 14:50:19.636: main.vala:107: No session set, fallback to LXDE session
** Message: 14:50:19.636: main.vala:113: No desktop environnement set, fallback to LXDE
warning: output HDMI-0 not found; ignoring
Wallpaper bing_wallpaper.jpg moved or deleted: use autowall --list to show available wallpapers and autowall -u <name> to set a wallpaper
** Message: 14:50:19.680: main.vala:134: log directory: /home/began/.cache/lxsession/LXDE
** Message: 14:50:19.680: main.vala:135: log path: /home/began/.cache/lxsession/LXDE/run.log
config: Unknown setting: 'urgent_border_color'.
sed: can't read /home/began/.icons/default/index.theme: No such file or directory
MESSAGE: Using legacy offset syntax NxN, you should switch to the new syntax (N, N)
WARNING: compositor doesn't support zwlr_foreign_toplevel_v1. Fullscreen detection won't work
WARNING: Could not find theme Breeze-Dark
CRITICAL: [dbus_cb_name_lost:1401] Cannot acquire 'org.freedesktop.Notifications': Name is acquired by 'Plasma' with PID '18544'.
polybar|error: module/bspwm: Failed to connect to socket (reason: No such file or directory)
The server closed the connection.
polybar|error: X connection error, terminating... (what: Socket, pipe or stream error)
