[20:54:44][DEBUG] loaded functions
[20:54:44][DEBUG] loaded autorun
[20:54:44][DEBUG] loaded monitor
[20:54:44][DEBUG] loaded global bspwm
[20:54:44][DEBUG] loaded misc
[20:54:44][INFO] loaded theme configuration - default
[20:54:44][INFO] executed theme
[20:54:44][INFO] done
[20:54:44][INFO] ------------------------------------------------
[20:55:11][INFO] ------------------------------------------------
[20:55:11][INFO] execution start
[20:55:11][DEBUG] loaded functions
[20:55:11][DEBUG] loaded autorun
[20:55:11][DEBUG] loaded monitor
[20:55:11][DEBUG] loaded global bspwm
[20:55:11][DEBUG] loaded misc
[20:55:11][INFO] loaded theme configuration - default
[20:55:11][INFO] executed theme
[20:55:11][INFO] done
[20:55:11][INFO] ------------------------------------------------
[20:55:18][INFO] ------------------------------------------------
[20:55:18][INFO] execution start
[20:55:18][DEBUG] loaded functions
[20:55:18][DEBUG] loaded autorun
[20:55:18][DEBUG] loaded monitor
[20:55:18][DEBUG] loaded global bspwm
[20:55:18][DEBUG] loaded misc
[20:55:18][INFO] loaded theme configuration - default
[20:55:18][INFO] executed theme
[20:55:18][INFO] done
[20:55:18][INFO] ------------------------------------------------
[20:57:35][INFO] ------------------------------------------------
[20:57:35][INFO] execution start
[20:57:35][DEBUG] autorun.sh executed
[20:57:35][DEBUG] monitor.sh executed
[20:57:35][DEBUG] global-bspwm.sh executed
[20:57:35][DEBUG] misc.sh executed
[20:57:35][INFO] loaded theme configuration - default
[20:57:35][INFO] executed theme
[20:57:35][INFO] done
[20:57:35][INFO] ------------------------------------------------
[20:57:50][INFO] ------------------------------------------------
[20:57:50][INFO] execution start
[20:57:50][DEBUG] autorun.sh executed
[20:57:50][DEBUG] monitor.sh executed
[20:57:50][DEBUG] global-bspwm.sh executed
[20:57:50][DEBUG] misc.sh executed
[20:57:50][INFO] loaded theme configuration - default
[20:57:50][INFO] executed theme
[20:57:50][INFO] done
[20:57:50][INFO] ------------------------------------------------
[20:58:37][INFO] ------------------------------------------------
[20:58:37][INFO] execution start
[20:58:37][DEBUG] autorun.sh executed
[20:58:37][DEBUG] monitor.sh executed
[20:58:37][DEBUG] global-bspwm.sh executed
[20:58:37][DEBUG] misc.sh executed
[20:58:37][INFO] loaded theme configuration - default
[20:58:37][INFO] executed theme
[20:58:37][INFO] done
[20:58:37][INFO] ------------------------------------------------
[20:59:05][INFO] ------------------------------------------------
[20:59:05][INFO] execution start
[20:59:05][DEBUG] autorun.sh executed
[20:59:05][DEBUG] monitor.sh executed
[20:59:05][DEBUG] global-bspwm.sh executed
[20:59:05][DEBUG] misc.sh executed
[20:59:05][INFO] loaded theme configuration - default
[20:59:06][INFO] theme-loader executing functions
[20:59:06][INFO] theme-loader functions executed
[20:59:06][INFO] executed theme
[20:59:06][INFO] done
[20:59:06][INFO] ------------------------------------------------
[21:01:07][INFO] ------------------------------------------------
[21:01:07][INFO] execution start
[21:01:07][DEBUG] autorun.sh executed
[21:01:07][DEBUG] monitor.sh executed
[21:01:07][DEBUG] global-bspwm.sh executed
[21:01:07][DEBUG] misc.sh executed
[21:01:07][INFO] loaded theme configuration - default
[21:01:08][INFO] theme-loader executing functions
[21:01:08][INFO] theme-loader functions executed
[21:01:08][INFO] executed theme
[21:01:08][INFO] done
[21:01:08][INFO] ------------------------------------------------
[21:01:51][INFO] ------------------------------------------------
[21:01:51][INFO] execution start
[21:01:52][DEBUG] autorun.sh executed
[21:01:52][DEBUG] monitor.sh executed
[21:01:52][DEBUG] global-bspwm.sh executed
[21:01:52][DEBUG] misc.sh executed
[21:01:52][INFO] loaded theme configuration - default
[21:01:52][INFO] theme-loader executing functions
[21:01:52][INFO] theme-loader functions executed
[21:01:52][INFO] executed theme
[21:01:52][INFO] done
[21:01:52][INFO] ------------------------------------------------
[21:09:24][INFO] ------------------------------------------------
[21:09:24][INFO] execution start
[21:09:24][DEBUG] autorun.sh executed
[21:09:25][DEBUG] monitor.sh executed
[21:09:25][DEBUG] global-bspwm.sh executed
[21:09:25][DEBUG] misc.sh executed
[21:09:25][INFO] loaded theme configuration - default
[21:09:25][INFO] theme-loader executing functions
[21:09:25][INFO] theme-loader functions executed
[21:09:25][INFO] executed theme
[21:09:25][INFO] done
[21:09:25][INFO] ------------------------------------------------
[21:13:15][INFO] ------------------------------------------------
[21:13:15][INFO] execution start
[21:13:15][DEBUG] autorun.sh executed
[21:13:15][DEBUG] monitor.sh executed
[21:13:15][DEBUG] global-bspwm.sh executed
[21:13:15][DEBUG] misc.sh executed
[21:13:15][INFO] loaded theme configuration - default
[21:13:16][INFO] theme-loader executing functions
[21:13:16][INFO] theme-loader functions executed
[21:13:16][INFO] executed theme
[21:13:16][INFO] done
[21:13:16][INFO] ------------------------------------------------
[21:17:00][INFO] ------------------------------------------------
[21:17:00][INFO] execution start
[21:17:00][DEBUG] autorun.sh executed
[21:17:00][DEBUG] monitor.sh executed
[21:17:00][DEBUG] global-bspwm.sh executed
[21:17:00][DEBUG] misc.sh executed
[21:17:00][INFO] loaded theme configuration - default
[21:17:00][INFO] theme-loader executing functions
[21:17:01][INFO] theme-loader functions executed
[21:17:01][INFO] executed theme
[21:17:01][INFO] done
[21:17:01][INFO] ------------------------------------------------
[21:17:11][INFO] ------------------------------------------------
[21:17:11][INFO] execution start
[21:17:11][DEBUG] autorun.sh executed
[21:17:11][DEBUG] monitor.sh executed
[21:17:11][DEBUG] global-bspwm.sh executed
[21:17:11][DEBUG] misc.sh executed
[21:17:11][INFO] loaded theme configuration - default
[21:17:12][INFO] theme-loader executing functions
[21:17:12][INFO] theme-loader functions executed
[21:17:12][INFO] executed theme
[21:17:12][INFO] done
[21:17:12][INFO] ------------------------------------------------
[21:33:37][INFO] ------------------------------------------------
[21:33:37][INFO] execution start
[21:33:37][DEBUG] autorun.sh executed
[21:33:37][DEBUG] monitor.sh executed
[21:33:37][DEBUG] global-bspwm.sh executed
[21:33:37][DEBUG] misc.sh executed
[21:33:37][INFO] loaded theme configuration - default
[21:33:38][INFO] theme-loader executing functions
[21:33:38][INFO] theme-loader functions executed
[21:33:38][INFO] executed theme
[21:33:38][INFO] done
[21:33:38][INFO] ------------------------------------------------
[21:36:47][INFO] ------------------------------------------------
[21:36:47][INFO] execution start
[21:36:47][DEBUG] autorun.sh executed
[21:36:47][DEBUG] monitor.sh executed
[21:36:47][DEBUG] global-bspwm.sh executed
[21:36:47][DEBUG] misc.sh executed
[21:36:47][INFO] loaded theme configuration - default
[21:36:48][INFO] theme-loader executing functions
[21:36:48][INFO] theme-loader functions executed
[21:36:48][INFO] executed theme
[21:36:48][INFO] done
[21:36:48][INFO] ------------------------------------------------
[21:38:22][INFO] ------------------------------------------------
[21:38:22][INFO] execution start
[21:38:22][DEBUG] autorun.sh executed
[21:38:23][DEBUG] monitor.sh executed
[21:38:23][DEBUG] global-bspwm.sh executed
[21:38:23][DEBUG] misc.sh executed
[21:38:23][INFO] loaded theme configuration - default
[21:38:23][INFO] theme-loader executing functions
[21:38:24][INFO] theme-loader functions executed
[21:38:24][INFO] executed theme
[21:38:24][INFO] done
[21:38:24][INFO] ------------------------------------------------
[21:38:53][INFO] ------------------------------------------------
[21:38:53][INFO] execution start
[21:38:53][DEBUG] autorun.sh executed
[21:38:53][DEBUG] monitor.sh executed
[21:38:53][DEBUG] global-bspwm.sh executed
[21:38:53][DEBUG] misc.sh executed
[21:38:53][INFO] loaded theme configuration - default
[21:38:54][INFO] theme-loader executing functions
[21:38:54][INFO] theme-loader functions executed
[21:38:54][INFO] executed theme
[21:38:54][INFO] done
[21:38:54][INFO] ------------------------------------------------
[21:38:58][INFO] ------------------------------------------------
[21:38:58][INFO] execution start
[21:38:58][DEBUG] autorun.sh executed
[21:38:58][DEBUG] monitor.sh executed
[21:38:58][DEBUG] global-bspwm.sh executed
[21:38:58][DEBUG] misc.sh executed
[21:38:58][INFO] loaded theme configuration - default
[21:38:59][INFO] theme-loader executing functions
[21:38:59][INFO] theme-loader functions executed
[21:38:59][INFO] executed theme
[21:38:59][INFO] done
[21:38:59][INFO] ------------------------------------------------
[21:39:07][INFO] ------------------------------------------------
[21:39:07][INFO] execution start
[21:39:07][DEBUG] autorun.sh executed
[21:39:07][DEBUG] monitor.sh executed
[21:39:07][DEBUG] global-bspwm.sh executed
[21:39:07][DEBUG] misc.sh executed
[21:39:07][INFO] loaded theme configuration - default
[21:39:07][INFO] theme-loader executing functions
[21:39:07][INFO] theme-loader functions executed
[21:39:07][INFO] executed theme
[21:39:07][INFO] done
[21:39:07][INFO] ------------------------------------------------
[21:39:25][INFO] ------------------------------------------------
[21:39:25][INFO] execution start
[21:39:25][DEBUG] autorun.sh executed
[21:39:25][DEBUG] monitor.sh executed
[21:39:25][DEBUG] global-bspwm.sh executed
[21:39:25][DEBUG] misc.sh executed
[21:39:25][INFO] loaded theme configuration - default
[21:39:26][INFO] theme-loader executing functions
[21:39:26][INFO] theme-loader functions executed
[21:39:26][INFO] executed theme
[21:39:26][INFO] done
[21:39:26][INFO] ------------------------------------------------
[21:39:35][INFO] ------------------------------------------------
[21:39:35][INFO] execution start
[21:39:35][DEBUG] autorun.sh executed
[21:39:35][DEBUG] monitor.sh executed
[21:39:35][DEBUG] global-bspwm.sh executed
[21:39:35][DEBUG] misc.sh executed
[21:39:35][INFO] loaded theme configuration - default
[21:39:35][INFO] theme-loader executing functions
[21:39:35][INFO] theme-loader functions executed
[21:39:35][INFO] executed theme
[21:39:35][INFO] done
[21:39:35][INFO] ------------------------------------------------
[21:39:49][INFO] ------------------------------------------------
[21:39:49][INFO] execution start
[21:39:50][DEBUG] autorun.sh executed
[21:39:50][DEBUG] monitor.sh executed
[21:39:50][DEBUG] global-bspwm.sh executed
[21:39:50][DEBUG] misc.sh executed
[21:39:50][INFO] loaded theme configuration - default
[21:39:50][INFO] theme-loader executing functions
[21:39:50][INFO] theme-loader functions executed
[21:39:50][INFO] executed theme
[21:39:50][INFO] done
[21:39:50][INFO] ------------------------------------------------
[21:40:01][INFO] ------------------------------------------------
[21:40:01][INFO] execution start
[21:40:01][DEBUG] autorun.sh executed
[21:40:01][DEBUG] monitor.sh executed
[21:40:01][DEBUG] global-bspwm.sh executed
[21:40:01][DEBUG] misc.sh executed
[21:40:01][INFO] loaded theme configuration - default
[21:40:01][INFO] theme-loader executing functions
[21:40:01][INFO] theme-loader functions executed
[21:40:01][INFO] executed theme
[21:40:01][INFO] done
[21:40:01][INFO] ------------------------------------------------
[21:40:09][INFO] ------------------------------------------------
[21:40:09][INFO] execution start
[21:40:09][DEBUG] autorun.sh executed
[21:40:10][DEBUG] monitor.sh executed
[21:40:10][DEBUG] global-bspwm.sh executed
[21:40:10][DEBUG] misc.sh executed
[21:40:10][INFO] loaded theme configuration - default
[21:40:10][INFO] theme-loader executing functions
[21:40:10][INFO] theme-loader functions executed
[21:40:10][INFO] executed theme
[21:40:10][INFO] done
[21:40:10][INFO] ------------------------------------------------
[21:40:15][INFO] ------------------------------------------------
[21:40:15][INFO] execution start
[21:40:15][DEBUG] autorun.sh executed
[21:40:15][DEBUG] monitor.sh executed
[21:40:15][DEBUG] global-bspwm.sh executed
[21:40:15][DEBUG] misc.sh executed
[21:40:15][INFO] loaded theme configuration - default
[21:40:16][INFO] theme-loader executing functions
[21:40:16][INFO] theme-loader functions executed
[21:40:16][INFO] executed theme
[21:40:16][INFO] done
[21:40:16][INFO] ------------------------------------------------
[21:40:22][INFO] ------------------------------------------------
[21:40:22][INFO] execution start
[21:40:23][DEBUG] autorun.sh executed
[21:40:23][DEBUG] monitor.sh executed
[21:40:23][DEBUG] global-bspwm.sh executed
[21:40:23][DEBUG] misc.sh executed
[21:40:23][INFO] loaded theme configuration - default
[21:40:23][INFO] theme-loader executing functions
[21:40:23][INFO] theme-loader functions executed
[21:40:23][INFO] executed theme
[21:40:23][INFO] done
[21:40:23][INFO] ------------------------------------------------
[21:40:29][INFO] ------------------------------------------------
[21:40:29][INFO] execution start
[21:40:29][DEBUG] autorun.sh executed
[21:40:29][DEBUG] monitor.sh executed
[21:40:29][DEBUG] global-bspwm.sh executed
[21:40:29][DEBUG] misc.sh executed
[21:40:29][INFO] loaded theme configuration - default
[21:40:29][INFO] theme-loader executing functions
[21:40:29][INFO] theme-loader functions executed
[21:40:29][INFO] executed theme
[21:40:29][INFO] done
[21:40:29][INFO] ------------------------------------------------
[21:40:35][INFO] ------------------------------------------------
[21:40:35][INFO] execution start
[21:40:35][DEBUG] autorun.sh executed
[21:40:35][DEBUG] monitor.sh executed
[21:40:35][DEBUG] global-bspwm.sh executed
[21:40:35][DEBUG] misc.sh executed
[21:40:35][INFO] loaded theme configuration - default
[21:40:35][INFO] theme-loader executing functions
[21:40:35][INFO] theme-loader functions executed
[21:40:35][INFO] executed theme
[21:40:35][INFO] done
[21:40:35][INFO] ------------------------------------------------
[21:40:44][INFO] ------------------------------------------------
[21:40:44][INFO] execution start
[21:40:44][DEBUG] autorun.sh executed
[21:40:44][DEBUG] monitor.sh executed
[21:40:44][DEBUG] global-bspwm.sh executed
[21:40:44][DEBUG] misc.sh executed
[21:40:44][INFO] loaded theme configuration - default
[21:40:44][INFO] theme-loader executing functions
[21:40:44][INFO] theme-loader functions executed
[21:40:44][INFO] executed theme
[21:40:44][INFO] done
[21:40:44][INFO] ------------------------------------------------
[21:40:52][INFO] ------------------------------------------------
[21:40:52][INFO] execution start
[21:40:52][DEBUG] autorun.sh executed
[21:40:52][DEBUG] monitor.sh executed
[21:40:52][DEBUG] global-bspwm.sh executed
[21:40:52][DEBUG] misc.sh executed
[21:40:52][INFO] loaded theme configuration - default
[21:40:52][INFO] theme-loader executing functions
[21:40:53][INFO] theme-loader functions executed
[21:40:53][INFO] executed theme
[21:40:53][INFO] done
[21:40:53][INFO] ------------------------------------------------
[21:40:59][INFO] ------------------------------------------------
[21:40:59][INFO] execution start
[21:40:59][DEBUG] autorun.sh executed
[21:40:59][DEBUG] monitor.sh executed
[21:40:59][DEBUG] global-bspwm.sh executed
[21:40:59][DEBUG] misc.sh executed
[21:40:59][INFO] loaded theme configuration - default
[21:41:00][INFO] theme-loader executing functions
[21:41:00][INFO] theme-loader functions executed
[21:41:00][INFO] executed theme
[21:41:00][INFO] done
[21:41:00][INFO] ------------------------------------------------
[21:43:12][INFO] ------------------------------------------------
[21:43:12][INFO] execution start
[21:43:12][DEBUG] autorun.sh executed
[21:43:12][DEBUG] monitor.sh executed
[21:43:12][DEBUG] global-bspwm.sh executed
[21:43:12][DEBUG] misc.sh executed
[21:43:12][INFO] loaded theme configuration - default
[21:43:13][INFO] theme-loader executing functions
[21:43:13][INFO] theme-loader functions executed
[21:43:13][INFO] executed theme
[21:43:13][INFO] done
[21:43:13][INFO] ------------------------------------------------
[21:43:22][INFO] ------------------------------------------------
[21:43:22][INFO] execution start
[21:43:22][DEBUG] autorun.sh executed
[21:43:22][DEBUG] monitor.sh executed
[21:43:22][DEBUG] global-bspwm.sh executed
[21:43:22][DEBUG] misc.sh executed
[21:43:22][INFO] loaded theme configuration - default
[21:43:22][INFO] theme-loader executing functions
[21:43:22][INFO] theme-loader functions executed
[21:43:22][INFO] executed theme
[21:43:22][INFO] done
[21:43:22][INFO] ------------------------------------------------
[21:44:18][INFO] ------------------------------------------------
[21:44:18][INFO] execution start
[21:44:19][DEBUG] autorun.sh executed
[21:44:19][DEBUG] monitor.sh executed
[21:44:19][DEBUG] global-bspwm.sh executed
[21:44:19][DEBUG] misc.sh executed
[21:44:19][INFO] loaded theme configuration - default
[21:44:19][INFO] theme-loader executing functions
[21:44:19][INFO] theme-loader functions executed
[21:44:19][INFO] executed theme
[21:44:19][INFO] done
[21:44:19][INFO] ------------------------------------------------
[21:44:28][INFO] ------------------------------------------------
[21:44:28][INFO] execution start
[21:44:28][DEBUG] autorun.sh executed
[21:44:28][DEBUG] monitor.sh executed
[21:44:28][DEBUG] global-bspwm.sh executed
[21:44:28][DEBUG] misc.sh executed
[21:44:28][INFO] loaded theme configuration - default
[21:44:29][INFO] theme-loader executing functions
[21:44:29][INFO] theme-loader functions executed
[21:44:29][INFO] executed theme
[21:44:29][INFO] done
[21:44:29][INFO] ------------------------------------------------
[21:45:12][INFO] ------------------------------------------------
[21:45:12][INFO] execution start
[21:45:12][DEBUG] autorun.sh executed
[21:45:12][DEBUG] monitor.sh executed
[21:45:12][DEBUG] global-bspwm.sh executed
[21:45:12][DEBUG] misc.sh executed
[21:45:12][INFO] loaded theme configuration - default
[21:45:12][INFO] theme-loader executing functions
[21:45:12][INFO] theme-loader functions executed
[21:45:12][INFO] executed theme
[21:45:12][INFO] done
[21:45:12][INFO] ------------------------------------------------
[21:45:31][INFO] ------------------------------------------------
[21:45:31][INFO] execution start
[21:45:31][DEBUG] autorun.sh executed
[21:45:31][DEBUG] monitor.sh executed
[21:45:31][DEBUG] global-bspwm.sh executed
[21:45:31][DEBUG] misc.sh executed
[21:45:31][INFO] loaded theme configuration - default
[21:45:32][INFO] theme-loader executing functions
[21:45:32][INFO] theme-loader functions executed
[21:45:32][INFO] executed theme
[21:45:32][INFO] done
[21:45:32][INFO] ------------------------------------------------
[21:45:46][INFO] ------------------------------------------------
[21:45:46][INFO] execution start
[21:45:46][DEBUG] autorun.sh executed
[21:45:46][DEBUG] monitor.sh executed
[21:45:46][DEBUG] global-bspwm.sh executed
[21:45:46][DEBUG] misc.sh executed
[21:45:46][INFO] loaded theme configuration - default
[21:45:46][INFO] theme-loader executing functions
[21:45:47][INFO] theme-loader functions executed
[21:45:47][INFO] executed theme
[21:45:47][INFO] done
[21:45:47][INFO] ------------------------------------------------
[21:45:51][INFO] ------------------------------------------------
[21:45:51][INFO] execution start
[21:45:51][DEBUG] autorun.sh executed
[21:45:52][DEBUG] monitor.sh executed
[21:45:52][DEBUG] global-bspwm.sh executed
[21:45:52][DEBUG] misc.sh executed
[21:45:52][INFO] loaded theme configuration - default
[21:45:52][INFO] theme-loader executing functions
[21:45:52][INFO] theme-loader functions executed
[21:45:52][INFO] executed theme
[21:45:52][INFO] done
[21:45:52][INFO] ------------------------------------------------
[21:45:57][INFO] ------------------------------------------------
[21:45:57][INFO] execution start
[21:45:57][DEBUG] autorun.sh executed
[21:45:57][DEBUG] monitor.sh executed
[21:45:57][DEBUG] global-bspwm.sh executed
[21:45:57][DEBUG] misc.sh executed
[21:45:57][INFO] loaded theme configuration - default
[21:45:57][INFO] theme-loader executing functions
[21:45:57][INFO] theme-loader functions executed
[21:45:57][INFO] executed theme
[21:45:57][INFO] done
[21:45:57][INFO] ------------------------------------------------
[21:46:02][INFO] ------------------------------------------------
[21:46:02][INFO] execution start
[21:46:02][DEBUG] autorun.sh executed
[21:46:02][DEBUG] monitor.sh executed
[21:46:02][DEBUG] global-bspwm.sh executed
[21:46:02][DEBUG] misc.sh executed
[21:46:02][INFO] loaded theme configuration - default
[21:46:03][INFO] theme-loader executing functions
[21:46:03][INFO] theme-loader functions executed
[21:46:03][INFO] executed theme
[21:46:03][INFO] done
[21:46:03][INFO] ------------------------------------------------
[21:46:12][INFO] ------------------------------------------------
[21:46:12][INFO] execution start
[21:46:12][DEBUG] autorun.sh executed
[21:46:12][DEBUG] monitor.sh executed
[21:46:12][DEBUG] global-bspwm.sh executed
[21:46:12][DEBUG] misc.sh executed
[21:46:12][INFO] loaded theme configuration - default
[21:46:13][INFO] theme-loader executing functions
[21:46:13][INFO] theme-loader functions executed
[21:46:13][INFO] executed theme
[21:46:13][INFO] done
[21:46:13][INFO] ------------------------------------------------
[21:46:24][INFO] ------------------------------------------------
[21:46:24][INFO] execution start
[21:46:24][DEBUG] autorun.sh executed
[21:46:24][DEBUG] monitor.sh executed
[21:46:24][DEBUG] global-bspwm.sh executed
[21:46:24][DEBUG] misc.sh executed
[21:46:24][INFO] loaded theme configuration - default
[21:46:25][INFO] theme-loader executing functions
[21:46:25][INFO] theme-loader functions executed
[21:46:25][INFO] executed theme
[21:46:25][INFO] done
[21:46:25][INFO] ------------------------------------------------
[21:46:38][INFO] ------------------------------------------------
[21:46:38][INFO] execution start
[21:46:38][DEBUG] autorun.sh executed
[21:46:38][DEBUG] monitor.sh executed
[21:46:38][DEBUG] global-bspwm.sh executed
[21:46:38][DEBUG] misc.sh executed
[21:46:38][INFO] loaded theme configuration - default
[21:46:39][INFO] theme-loader executing functions
[21:46:39][INFO] theme-loader functions executed
[21:46:39][INFO] executed theme
[21:46:39][INFO] done
[21:46:39][INFO] ------------------------------------------------
[21:47:00][INFO] ------------------------------------------------
[21:47:00][INFO] execution start
[21:47:00][DEBUG] autorun.sh executed
[21:47:00][DEBUG] monitor.sh executed
[21:47:00][DEBUG] global-bspwm.sh executed
[21:47:00][DEBUG] misc.sh executed
[21:47:00][INFO] loaded theme configuration - default
[21:47:01][INFO] theme-loader executing functions
[21:47:01][INFO] theme-loader functions executed
[21:47:01][INFO] executed theme
[21:47:01][INFO] done
[21:47:01][INFO] ------------------------------------------------
[21:47:12][INFO] ------------------------------------------------
[21:47:12][INFO] execution start
[21:47:12][DEBUG] autorun.sh executed
[21:47:12][DEBUG] monitor.sh executed
[21:47:12][DEBUG] global-bspwm.sh executed
[21:47:12][DEBUG] misc.sh executed
[21:47:12][INFO] loaded theme configuration - default
[21:47:13][INFO] theme-loader executing functions
[21:47:13][INFO] theme-loader functions executed
[21:47:13][INFO] executed theme
[21:47:13][INFO] done
[21:47:13][INFO] ------------------------------------------------
[21:47:22][INFO] ------------------------------------------------
[21:47:22][INFO] execution start
[21:47:22][DEBUG] autorun.sh executed
[21:47:22][DEBUG] monitor.sh executed
[21:47:22][DEBUG] global-bspwm.sh executed
[21:47:22][DEBUG] misc.sh executed
[21:47:22][INFO] loaded theme configuration - default
[21:47:22][INFO] theme-loader executing functions
[21:47:22][INFO] theme-loader functions executed
[21:47:22][INFO] executed theme
[21:47:22][INFO] done
[21:47:22][INFO] ------------------------------------------------
[21:47:29][INFO] ------------------------------------------------
[21:47:29][INFO] execution start
[21:47:29][DEBUG] autorun.sh executed
[21:47:29][DEBUG] monitor.sh executed
[21:47:29][DEBUG] global-bspwm.sh executed
[21:47:29][DEBUG] misc.sh executed
[21:47:29][INFO] loaded theme configuration - default
[21:47:29][INFO] theme-loader executing functions
[21:47:30][INFO] theme-loader functions executed
[21:47:30][INFO] executed theme
[21:47:30][INFO] done
[21:47:30][INFO] ------------------------------------------------
[21:47:35][INFO] ------------------------------------------------
[21:47:35][INFO] execution start
[21:47:35][DEBUG] autorun.sh executed
[21:47:35][DEBUG] monitor.sh executed
[21:47:35][DEBUG] global-bspwm.sh executed
[21:47:35][DEBUG] misc.sh executed
[21:47:35][INFO] loaded theme configuration - default
[21:47:35][INFO] theme-loader executing functions
[21:47:35][INFO] theme-loader functions executed
[21:47:35][INFO] executed theme
[21:47:35][INFO] done
[21:47:35][INFO] ------------------------------------------------
[21:48:51][INFO] ------------------------------------------------
[21:48:51][INFO] execution start
[21:48:51][DEBUG] autorun.sh executed
[21:48:51][DEBUG] monitor.sh executed
[21:48:51][DEBUG] global-bspwm.sh executed
[21:48:51][DEBUG] misc.sh executed
[21:48:51][INFO] loaded theme configuration - default
[21:48:51][INFO] theme-loader executing functions
[21:48:52][INFO] theme-loader functions executed
[21:48:52][INFO] executed theme
[21:48:52][INFO] done
[21:48:52][INFO] ------------------------------------------------
[21:49:28][INFO] ------------------------------------------------
[21:49:28][INFO] execution start
[21:49:28][DEBUG] autorun.sh executed
[21:49:28][DEBUG] monitor.sh executed
[21:49:28][DEBUG] global-bspwm.sh executed
[21:49:28][DEBUG] misc.sh executed
[21:49:28][INFO] loaded theme configuration - default
[21:49:29][INFO] theme-loader executing functions
[21:49:29][INFO] theme-loader functions executed
[21:49:29][INFO] executed theme
[21:49:29][INFO] done
[21:49:29][INFO] ------------------------------------------------
[21:49:40][INFO] ------------------------------------------------
[21:49:40][INFO] execution start
[21:49:40][DEBUG] autorun.sh executed
[21:49:40][DEBUG] monitor.sh executed
[21:49:40][DEBUG] global-bspwm.sh executed
[21:49:40][DEBUG] misc.sh executed
[21:49:40][INFO] loaded theme configuration - default
[21:49:41][INFO] theme-loader executing functions
[21:49:41][INFO] theme-loader functions executed
[21:49:41][INFO] executed theme
[21:49:41][INFO] done
[21:49:41][INFO] ------------------------------------------------
[21:49:46][INFO] ------------------------------------------------
[21:49:46][INFO] execution start
[21:49:46][DEBUG] autorun.sh executed
[21:49:46][DEBUG] monitor.sh executed
[21:49:46][DEBUG] global-bspwm.sh executed
[21:49:46][DEBUG] misc.sh executed
[21:49:46][INFO] loaded theme configuration - default
[21:49:47][INFO] theme-loader executing functions
[21:49:47][INFO] theme-loader functions executed
[21:49:47][INFO] executed theme
[21:49:47][INFO] done
[21:49:47][INFO] ------------------------------------------------
[21:52:33][INFO] ------------------------------------------------
[21:52:33][INFO] execution start
[21:52:33][DEBUG] autorun.sh executed
[21:52:33][DEBUG] monitor.sh executed
[21:52:33][DEBUG] global-bspwm.sh executed
[21:52:33][DEBUG] misc.sh executed
[21:52:33][INFO] loaded theme configuration - default
[21:52:33][INFO] theme-loader executing functions
[21:52:33][INFO] theme-loader functions executed
[21:52:33][INFO] executed theme
[21:52:33][INFO] done
[21:52:33][INFO] ------------------------------------------------
[21:52:46][INFO] ------------------------------------------------
[21:52:46][INFO] execution start
[21:52:46][DEBUG] autorun.sh executed
[21:52:46][DEBUG] monitor.sh executed
[21:52:46][DEBUG] global-bspwm.sh executed
[21:52:46][DEBUG] misc.sh executed
[21:52:46][INFO] loaded theme configuration - default
[21:52:46][INFO] theme-loader executing functions
[21:52:47][INFO] theme-loader functions executed
[21:52:47][INFO] executed theme
[21:52:47][INFO] done
[21:52:47][INFO] ------------------------------------------------
[21:53:21][INFO] ------------------------------------------------
[21:53:21][INFO] execution start
[21:53:21][DEBUG] autorun.sh executed
[21:53:21][DEBUG] monitor.sh executed
[21:53:21][DEBUG] global-bspwm.sh executed
[21:53:21][DEBUG] misc.sh executed
[21:53:21][INFO] loaded theme configuration - default
[21:53:21][INFO] theme-loader executing functions
[21:53:21][INFO] theme-loader functions executed
[21:53:21][INFO] executed theme
[21:53:21][INFO] done
[21:53:21][INFO] ------------------------------------------------
[21:53:47][INFO] ------------------------------------------------
[21:53:47][INFO] execution start
[21:53:47][DEBUG] autorun.sh executed
[21:53:47][DEBUG] monitor.sh executed
[21:53:47][DEBUG] global-bspwm.sh executed
[21:53:47][DEBUG] misc.sh executed
[21:53:47][INFO] loaded theme configuration - default
[21:53:47][INFO] theme-loader executing functions
[21:53:48][INFO] theme-loader functions executed
[21:53:48][INFO] executed theme
[21:53:48][INFO] done
[21:53:48][INFO] ------------------------------------------------
[21:54:17][INFO] ------------------------------------------------
[21:54:17][INFO] execution start
[21:54:17][DEBUG] autorun.sh executed
[21:54:17][DEBUG] monitor.sh executed
[21:54:17][DEBUG] global-bspwm.sh executed
[21:54:17][DEBUG] misc.sh executed
[21:54:17][INFO] loaded theme configuration - default
[21:54:18][INFO] theme-loader executing functions
[21:54:18][INFO] theme-loader functions executed
[21:54:18][INFO] executed theme
[21:54:18][INFO] done
[21:54:18][INFO] ------------------------------------------------
[21:54:29][INFO] ------------------------------------------------
[21:54:29][INFO] execution start
[21:54:29][DEBUG] autorun.sh executed
[21:54:29][DEBUG] monitor.sh executed
[21:54:30][DEBUG] global-bspwm.sh executed
[21:54:30][DEBUG] misc.sh executed
[21:54:30][INFO] loaded theme configuration - default
[21:54:30][INFO] theme-loader executing functions
[21:54:30][INFO] theme-loader functions executed
[21:54:30][INFO] executed theme
[21:54:30][INFO] done
[21:54:30][INFO] ------------------------------------------------
[21:54:57][INFO] ------------------------------------------------
[21:54:57][INFO] execution start
[21:54:57][DEBUG] autorun.sh executed
[21:54:57][DEBUG] monitor.sh executed
[21:54:57][DEBUG] global-bspwm.sh executed
[21:54:57][DEBUG] misc.sh executed
[21:54:57][INFO] loaded theme configuration - default
[21:54:58][INFO] theme-loader executing functions
[21:54:58][INFO] theme-loader functions executed
[21:54:58][INFO] executed theme
[21:54:58][INFO] done
[21:54:58][INFO] ------------------------------------------------
[21:56:03][INFO] ------------------------------------------------
[21:56:03][INFO] execution start
[21:56:03][DEBUG] autorun.sh executed
[21:56:03][DEBUG] monitor.sh executed
[21:56:03][DEBUG] global-bspwm.sh executed
[21:56:03][DEBUG] misc.sh executed
[21:56:03][INFO] loaded theme configuration - default
[21:56:03][INFO] theme-loader executing functions
[21:56:03][INFO] theme-loader functions executed
[21:56:03][INFO] executed theme
[21:56:03][INFO] done
[21:56:03][INFO] ------------------------------------------------
[21:56:18][INFO] ------------------------------------------------
[21:56:18][INFO] execution start
[21:56:18][DEBUG] autorun.sh executed
[21:56:18][DEBUG] monitor.sh executed
[21:56:18][DEBUG] global-bspwm.sh executed
[21:56:18][DEBUG] misc.sh executed
[21:56:18][INFO] loaded theme configuration - default
[21:56:18][INFO] theme-loader executing functions
[21:56:18][INFO] theme-loader functions executed
[21:56:18][INFO] executed theme
[21:56:18][INFO] done
[21:56:18][INFO] ------------------------------------------------
[22:12:16][INFO] ------------------------------------------------
[22:12:16][INFO] execution start
[22:12:16][DEBUG] autorun.sh executed
[22:12:16][DEBUG] monitor.sh executed
[22:12:16][DEBUG] global-bspwm.sh executed
[22:12:16][DEBUG] misc.sh executed
[22:12:16][INFO] loaded theme configuration - default
[22:12:17][INFO] theme-loader executing functions
[22:12:17][INFO] theme-loader functions executed
[22:12:17][INFO] executed theme
[22:12:17][INFO] done
[22:12:17][INFO] ------------------------------------------------
[22:13:05][INFO] ------------------------------------------------
[22:13:05][INFO] execution start
[22:13:05][DEBUG] autorun.sh executed
[22:13:05][DEBUG] monitor.sh executed
[22:13:05][DEBUG] global-bspwm.sh executed
[22:13:05][DEBUG] misc.sh executed
[22:13:05][INFO] loaded theme configuration - default
[22:13:06][INFO] theme-loader executing functions
[22:13:06][INFO] theme-loader functions executed
[22:13:06][INFO] executed theme
[22:13:06][INFO] done
[22:13:06][INFO] ------------------------------------------------
[22:13:11][INFO] ------------------------------------------------
[22:13:11][INFO] execution start
[22:13:11][DEBUG] autorun.sh executed
[22:13:11][DEBUG] monitor.sh executed
[22:13:11][DEBUG] global-bspwm.sh executed
[22:13:11][DEBUG] misc.sh executed
[22:13:11][INFO] loaded theme configuration - default
[22:13:11][INFO] theme-loader executing functions
[22:13:12][INFO] theme-loader functions executed
[22:13:12][INFO] executed theme
[22:13:12][INFO] done
[22:13:12][INFO] ------------------------------------------------
[22:13:18][INFO] ------------------------------------------------
[22:13:18][INFO] execution start
[22:13:18][DEBUG] autorun.sh executed
[22:13:18][DEBUG] monitor.sh executed
[22:13:18][DEBUG] global-bspwm.sh executed
[22:13:18][DEBUG] misc.sh executed
[22:13:18][INFO] loaded theme configuration - default
[22:13:19][INFO] theme-loader executing functions
[22:13:19][INFO] theme-loader functions executed
[22:13:19][INFO] executed theme
[22:13:19][INFO] done
[22:13:19][INFO] ------------------------------------------------
[22:13:23][INFO] ------------------------------------------------
[22:13:23][INFO] execution start
[22:13:23][DEBUG] autorun.sh executed
[22:13:23][DEBUG] monitor.sh executed
[22:13:23][DEBUG] global-bspwm.sh executed
[22:13:23][DEBUG] misc.sh executed
[22:13:23][INFO] loaded theme configuration - default
[22:13:24][INFO] theme-loader executing functions
[22:13:24][INFO] theme-loader functions executed
[22:13:24][INFO] executed theme
[22:13:24][INFO] done
[22:13:24][INFO] ------------------------------------------------
[22:14:07][INFO] ------------------------------------------------
[22:14:07][INFO] execution start
[22:14:07][DEBUG] autorun.sh executed
[22:14:07][DEBUG] monitor.sh executed
[22:14:07][DEBUG] global-bspwm.sh executed
[22:14:07][DEBUG] misc.sh executed
[22:14:07][INFO] loaded theme configuration - default
[22:14:07][INFO] theme-loader executing functions
[22:14:08][INFO] theme-loader functions executed
[22:14:08][INFO] executed theme
[22:14:08][INFO] done
[22:14:08][INFO] ------------------------------------------------
[22:14:22][INFO] ------------------------------------------------
[22:14:22][INFO] execution start
[22:14:22][DEBUG] autorun.sh executed
[22:14:22][DEBUG] monitor.sh executed
[22:14:22][DEBUG] global-bspwm.sh executed
[22:14:22][DEBUG] misc.sh executed
[22:14:22][INFO] loaded theme configuration - default
[22:14:23][INFO] theme-loader executing functions
[22:14:23][INFO] theme-loader functions executed
[22:14:23][INFO] executed theme
[22:14:23][INFO] done
[22:14:23][INFO] ------------------------------------------------
[22:14:43][INFO] ------------------------------------------------
[22:14:43][INFO] execution start
[22:14:43][DEBUG] autorun.sh executed
[22:14:43][DEBUG] monitor.sh executed
[22:14:43][DEBUG] global-bspwm.sh executed
[22:14:43][DEBUG] misc.sh executed
[22:14:43][INFO] loaded theme configuration - default
[22:14:43][INFO] theme-loader executing functions
[22:14:43][INFO] theme-loader functions executed
[22:14:43][INFO] executed theme
[22:14:43][INFO] done
[22:14:43][INFO] ------------------------------------------------
[22:25:19][INFO] ------------------------------------------------
[22:25:19][INFO] execution start
[22:25:19][DEBUG] autorun.sh executed
[22:25:20][DEBUG] monitor.sh executed
[22:25:20][DEBUG] global-bspwm.sh executed
[22:25:20][DEBUG] misc.sh executed
[22:25:20][INFO] loaded theme configuration - default
[22:25:20][INFO] theme-loader executing functions
[22:25:20][INFO] theme-loader functions executed
[22:25:20][INFO] executed theme
[22:25:20][INFO] done
[22:25:20][INFO] ------------------------------------------------
