[13:51:49][INFO] ------------------------------------------------
[13:51:49][INFO] execution start
[13:51:49][DEBUG] autorun.sh executed
[13:51:50][DEBUG] monitor.sh executed
[13:51:50][DEBUG] global-bspwm.sh executed
[13:51:50][DEBUG] misc.sh executed
[13:51:50][INFO] loaded theme configuration - default
[13:51:50][INFO] theme-loader executing functions
[13:51:50][INFO] theme-loader functions executed
[13:51:50][INFO] executed theme
[13:51:50][INFO] done
[13:51:50][INFO] ------------------------------------------------
[14:27:36][INFO] ------------------------------------------------
[14:27:36][INFO] execution start
[14:27:36][DEBUG] autorun.sh executed
[14:27:36][DEBUG] monitor.sh executed
[14:27:37][DEBUG] global-bspwm.sh executed
[14:27:37][DEBUG] misc.sh executed
[14:27:37][INFO] loaded theme configuration - default
[14:27:37][INFO] theme-loader executing functions
[14:27:37][INFO] theme-loader functions executed
[14:27:37][INFO] executed theme
[14:27:37][INFO] done
[14:27:37][INFO] ------------------------------------------------
[14:43:17][INFO] ------------------------------------------------
[14:43:17][INFO] execution start
[14:43:17][DEBUG] autorun.sh executed
[14:43:17][DEBUG] monitor.sh executed
[14:43:18][DEBUG] global-bspwm.sh executed
[14:43:18][DEBUG] misc.sh executed
[14:43:18][INFO] loaded theme configuration - default
[14:43:18][INFO] theme-loader executing functions
[14:43:18][INFO] theme-loader functions executed
[14:43:18][INFO] executed theme
[14:43:18][INFO] done
[14:43:18][INFO] ------------------------------------------------
[14:45:02][INFO] ------------------------------------------------
[14:45:02][INFO] execution start
[14:45:02][DEBUG] autorun.sh executed
[14:45:03][DEBUG] monitor.sh executed
[14:45:03][DEBUG] global-bspwm.sh executed
[14:45:03][DEBUG] misc.sh executed
[14:45:03][INFO] loaded theme configuration - default
[14:45:03][INFO] theme-loader executing functions
[14:45:03][INFO] theme-loader functions executed
[14:45:03][INFO] executed theme
[14:45:03][INFO] done
[14:45:03][INFO] ------------------------------------------------
[14:46:47][INFO] ------------------------------------------------
[14:46:47][INFO] execution start
[14:46:47][DEBUG] autorun.sh executed
[14:46:47][DEBUG] monitor.sh executed
[14:46:47][DEBUG] global-bspwm.sh executed
[14:46:47][DEBUG] misc.sh executed
[14:46:47][INFO] loaded theme configuration - default
[14:46:47][INFO] theme-loader executing functions
[14:46:48][INFO] theme-loader functions executed
[14:46:48][INFO] executed theme
[14:46:48][INFO] done
[14:46:48][INFO] ------------------------------------------------
[14:47:12][INFO] ------------------------------------------------
[14:47:12][INFO] execution start
[14:47:12][DEBUG] autorun.sh executed
[14:47:13][DEBUG] monitor.sh executed
[14:47:13][DEBUG] global-bspwm.sh executed
[14:47:13][DEBUG] misc.sh executed
[14:47:13][INFO] loaded theme configuration - default
[14:47:13][INFO] theme-loader executing functions
[14:47:13][INFO] theme-loader functions executed
[14:47:13][INFO] executed theme
[14:47:13][INFO] done
[14:47:13][INFO] ------------------------------------------------
[14:48:47][INFO] ------------------------------------------------
[14:48:47][INFO] execution start
[14:48:47][DEBUG] autorun.sh executed
[14:48:47][DEBUG] monitor.sh executed
[14:48:47][DEBUG] global-bspwm.sh executed
[14:48:47][DEBUG] misc.sh executed
[14:48:47][INFO] loaded theme configuration - default
[14:48:48][INFO] theme-loader executing functions
[14:48:48][INFO] theme-loader functions executed
[14:48:48][INFO] executed theme
[14:48:48][INFO] done
[14:48:48][INFO] ------------------------------------------------
[14:50:19][INFO] ------------------------------------------------
[14:50:19][INFO] execution start
[14:50:19][DEBUG] autorun.sh executed
[14:50:19][DEBUG] monitor.sh executed
[14:50:19][DEBUG] global-bspwm.sh executed
[14:50:19][DEBUG] misc.sh executed
[14:50:19][INFO] loaded theme configuration - default
[14:50:20][INFO] theme-loader executing functions
[14:50:20][INFO] theme-loader functions executed
[14:50:20][INFO] executed theme
[14:50:20][INFO] done
[14:50:20][INFO] ------------------------------------------------
[14:51:49][INFO] ------------------------------------------------
[14:51:49][INFO] execution start
[14:51:49][DEBUG] autorun.sh executed
[14:51:50][DEBUG] monitor.sh executed
[14:51:50][DEBUG] global-bspwm.sh executed
[14:51:50][DEBUG] misc.sh executed
[14:51:50][INFO] loaded theme configuration - default
[14:51:50][INFO] theme-loader executing functions
[14:51:51][INFO] theme-loader functions executed
[14:51:51][INFO] executed theme
[14:51:51][INFO] done
[14:51:51][INFO] ------------------------------------------------
[16:24:04][INFO] ------------------------------------------------
[16:24:04][INFO] execution start
[16:24:04][DEBUG] autorun.sh executed
[16:24:05][DEBUG] monitor.sh executed
[16:24:05][DEBUG] global-bspwm.sh executed
[16:24:05][DEBUG] misc.sh executed
[16:24:05][INFO] loaded theme configuration - default
[16:24:05][INFO] theme-loader executing functions
[16:24:05][INFO] theme-loader functions executed
[16:24:05][INFO] executed theme
[16:24:05][INFO] done
[16:24:05][INFO] ------------------------------------------------
