[15:46:08][INFO] ------------------------------------------------
[15:46:08][INFO] execution start
[15:46:08][DEBUG] autorun.sh executed
[15:46:08][DEBUG] monitor.sh executed
[15:46:08][DEBUG] global-bspwm.sh executed
[15:46:08][DEBUG] misc.sh executed
[15:46:08][INFO] loaded theme configuration - islands
[15:46:08][DEBUG] libinput.sh executed
[15:46:08][INFO] theme-loader executing functions
[15:46:08][INFO] theme-loader functions executed
[15:46:08][INFO] executed theme
[15:46:08][INFO] done
[15:46:08][INFO] ------------------------------------------------
[16:02:55][INFO] ------------------------------------------------
[16:02:55][INFO] execution start
[16:02:55][DEBUG] autorun.sh executed
[16:02:55][DEBUG] monitor.sh executed
[16:02:55][DEBUG] global-bspwm.sh executed
[16:02:55][DEBUG] misc.sh executed
[16:02:55][INFO] loaded theme configuration - islands
[16:02:55][DEBUG] libinput.sh executed
[16:02:55][INFO] theme-loader executing functions
[16:02:56][INFO] theme-loader functions executed
[16:02:56][INFO] executed theme
[16:02:56][INFO] done
[16:02:56][INFO] ------------------------------------------------
[16:06:06][INFO] ------------------------------------------------
[16:06:06][INFO] execution start
[16:06:06][DEBUG] autorun.sh executed
[16:06:06][DEBUG] monitor.sh executed
[16:06:07][DEBUG] global-bspwm.sh executed
[16:06:07][DEBUG] misc.sh executed
[16:06:07][INFO] loaded theme configuration - islands
[16:06:07][DEBUG] libinput.sh executed
[16:06:07][INFO] theme-loader executing functions
[16:06:07][INFO] theme-loader functions executed
[16:06:07][INFO] executed theme
[16:06:07][INFO] done
[16:06:07][INFO] ------------------------------------------------
[16:08:52][INFO] ------------------------------------------------
[16:08:52][INFO] execution start
[16:08:52][DEBUG] autorun.sh executed
[16:08:52][DEBUG] monitor.sh executed
[16:08:52][DEBUG] global-bspwm.sh executed
[16:08:52][DEBUG] misc.sh executed
[16:08:52][INFO] loaded theme configuration - islands
[16:08:52][DEBUG] libinput.sh executed
[16:08:53][INFO] theme-loader executing functions
[16:08:53][INFO] theme-loader functions executed
[16:08:53][INFO] executed theme
[16:08:53][INFO] done
[16:08:53][INFO] ------------------------------------------------
[16:09:58][INFO] ------------------------------------------------
[16:09:58][INFO] execution start
[16:09:58][DEBUG] autorun.sh executed
[16:09:58][DEBUG] monitor.sh executed
[16:09:58][DEBUG] global-bspwm.sh executed
[16:09:58][DEBUG] misc.sh executed
[16:09:58][INFO] loaded theme configuration - islands
[16:09:58][DEBUG] libinput.sh executed
[16:09:59][INFO] theme-loader executing functions
[16:09:59][INFO] theme-loader functions executed
[16:09:59][INFO] executed theme
[16:09:59][INFO] done
[16:09:59][INFO] ------------------------------------------------
[20:31:31][INFO] ------------------------------------------------
[20:31:31][INFO] execution start
[20:31:31][DEBUG] autorun.sh executed
[20:31:31][DEBUG] monitor.sh executed
[20:31:31][DEBUG] global-bspwm.sh executed
[20:31:31][DEBUG] misc.sh executed
[20:31:31][INFO] loaded theme configuration - islands
[20:31:31][DEBUG] libinput.sh executed
[20:31:31][INFO] theme-loader executing functions
[20:31:31][INFO] theme-loader functions executed
[20:31:31][INFO] executed theme
[20:31:31][INFO] done
[20:31:31][INFO] ------------------------------------------------
[20:33:23][INFO] ------------------------------------------------
[20:33:23][INFO] execution start
[20:33:23][DEBUG] autorun.sh executed
[20:33:23][DEBUG] monitor.sh executed
[20:33:23][DEBUG] global-bspwm.sh executed
[20:33:23][DEBUG] misc.sh executed
[20:33:23][INFO] loaded theme configuration - islands
[20:33:23][DEBUG] libinput.sh executed
[20:33:23][INFO] theme-loader executing functions
[20:33:23][INFO] theme-loader functions executed
[20:33:23][INFO] executed theme
[20:33:23][INFO] done
[20:33:23][INFO] ------------------------------------------------
[20:33:32][INFO] ------------------------------------------------
[20:33:32][INFO] execution start
[20:33:32][DEBUG] autorun.sh executed
[20:33:32][DEBUG] monitor.sh executed
[20:33:32][DEBUG] global-bspwm.sh executed
[20:33:32][DEBUG] misc.sh executed
[20:33:32][INFO] loaded theme configuration - islands
[20:33:32][DEBUG] libinput.sh executed
[20:33:32][INFO] theme-loader executing functions
[20:33:32][INFO] theme-loader functions executed
[20:33:32][INFO] executed theme
[20:33:32][INFO] done
[20:33:32][INFO] ------------------------------------------------
[20:33:44][INFO] ------------------------------------------------
[20:33:44][INFO] execution start
[20:33:44][DEBUG] autorun.sh executed
[20:33:44][DEBUG] monitor.sh executed
[20:33:44][DEBUG] global-bspwm.sh executed
[20:33:44][DEBUG] misc.sh executed
[20:33:44][INFO] loaded theme configuration - islands
[20:33:44][DEBUG] libinput.sh executed
[20:33:44][INFO] theme-loader executing functions
[20:33:44][INFO] theme-loader functions executed
[20:33:44][INFO] executed theme
[20:33:44][INFO] done
[20:33:44][INFO] ------------------------------------------------
[20:33:57][INFO] ------------------------------------------------
[20:33:57][INFO] execution start
[20:33:57][DEBUG] autorun.sh executed
[20:33:57][DEBUG] monitor.sh executed
[20:33:57][DEBUG] global-bspwm.sh executed
[20:33:57][DEBUG] misc.sh executed
[20:33:57][INFO] loaded theme configuration - islands
[20:33:57][DEBUG] libinput.sh executed
[20:33:58][INFO] theme-loader executing functions
[20:33:58][INFO] theme-loader functions executed
[20:33:58][INFO] executed theme
[20:33:58][INFO] done
[20:33:58][INFO] ------------------------------------------------
[20:34:30][INFO] ------------------------------------------------
[20:34:30][INFO] execution start
[20:34:30][DEBUG] autorun.sh executed
[20:34:30][DEBUG] monitor.sh executed
[20:34:30][DEBUG] global-bspwm.sh executed
[20:34:30][DEBUG] misc.sh executed
[20:34:30][INFO] loaded theme configuration - islands
[20:34:30][DEBUG] libinput.sh executed
[20:34:31][INFO] theme-loader executing functions
[20:34:31][INFO] theme-loader functions executed
[20:34:31][INFO] executed theme
[20:34:31][INFO] done
[20:34:31][INFO] ------------------------------------------------
[20:35:00][INFO] ------------------------------------------------
[20:35:00][INFO] execution start
[20:35:00][DEBUG] autorun.sh executed
[20:35:00][DEBUG] monitor.sh executed
[20:35:00][DEBUG] global-bspwm.sh executed
[20:35:00][DEBUG] misc.sh executed
[20:35:00][INFO] loaded theme configuration - islands
[20:35:00][DEBUG] libinput.sh executed
[20:35:01][INFO] theme-loader executing functions
[20:35:01][INFO] theme-loader functions executed
[20:35:01][INFO] executed theme
[20:35:01][INFO] done
[20:35:01][INFO] ------------------------------------------------
[20:39:20][INFO] ------------------------------------------------
[20:39:20][INFO] execution start
[20:39:21][DEBUG] autorun.sh executed
[20:39:21][DEBUG] monitor.sh executed
[20:39:21][DEBUG] global-bspwm.sh executed
[20:39:21][DEBUG] misc.sh executed
[20:39:21][INFO] loaded theme configuration - islands
[20:39:21][DEBUG] libinput.sh executed
[20:39:21][INFO] theme-loader executing functions
[20:39:21][INFO] theme-loader functions executed
[20:39:21][INFO] executed theme
[20:39:21][INFO] done
[20:39:21][INFO] ------------------------------------------------
[20:39:35][INFO] ------------------------------------------------
[20:39:35][INFO] execution start
[20:39:35][DEBUG] autorun.sh executed
[20:39:35][DEBUG] monitor.sh executed
[20:39:35][DEBUG] global-bspwm.sh executed
[20:39:35][DEBUG] misc.sh executed
[20:39:35][INFO] loaded theme configuration - islands
[20:39:35][DEBUG] libinput.sh executed
[20:39:35][INFO] theme-loader executing functions
[20:39:35][INFO] theme-loader functions executed
[20:39:35][INFO] executed theme
[20:39:35][INFO] done
[20:39:35][INFO] ------------------------------------------------
[20:40:06][INFO] ------------------------------------------------
[20:40:06][INFO] execution start
[20:40:06][DEBUG] autorun.sh executed
[20:40:06][DEBUG] monitor.sh executed
[20:40:06][DEBUG] global-bspwm.sh executed
[20:40:06][DEBUG] misc.sh executed
[20:40:06][INFO] loaded theme configuration - islands
[20:40:06][DEBUG] libinput.sh executed
[20:40:07][INFO] theme-loader executing functions
[20:40:07][INFO] theme-loader functions executed
[20:40:07][INFO] executed theme
[20:40:07][INFO] done
[20:40:07][INFO] ------------------------------------------------
[20:40:37][INFO] ------------------------------------------------
[20:40:37][INFO] execution start
[20:40:38][DEBUG] autorun.sh executed
[20:40:38][DEBUG] monitor.sh executed
[20:40:38][DEBUG] global-bspwm.sh executed
[20:40:38][DEBUG] misc.sh executed
[20:40:38][INFO] loaded theme configuration - islands
[20:40:38][DEBUG] libinput.sh executed
[20:40:38][INFO] theme-loader executing functions
[20:40:38][INFO] theme-loader functions executed
[20:40:38][INFO] executed theme
[20:40:38][INFO] done
[20:40:38][INFO] ------------------------------------------------
[20:41:54][INFO] ------------------------------------------------
[20:41:54][INFO] execution start
[20:41:54][DEBUG] autorun.sh executed
[20:41:54][DEBUG] monitor.sh executed
[20:41:54][DEBUG] global-bspwm.sh executed
[20:41:54][DEBUG] misc.sh executed
[20:41:54][INFO] loaded theme configuration - islands
[20:41:54][DEBUG] libinput.sh executed
[20:41:54][INFO] theme-loader executing functions
[20:41:54][INFO] theme-loader functions executed
[20:41:54][INFO] executed theme
[20:41:54][INFO] done
[20:41:54][INFO] ------------------------------------------------
[20:42:47][INFO] ------------------------------------------------
[20:42:47][INFO] execution start
[20:42:47][DEBUG] autorun.sh executed
[20:42:47][DEBUG] monitor.sh executed
[20:42:47][DEBUG] global-bspwm.sh executed
[20:42:47][DEBUG] misc.sh executed
[20:42:47][INFO] loaded theme configuration - islands
[20:42:47][DEBUG] libinput.sh executed
[20:42:47][INFO] theme-loader executing functions
[20:42:48][INFO] theme-loader functions executed
[20:42:48][INFO] executed theme
[20:42:48][INFO] done
[20:42:48][INFO] ------------------------------------------------
[20:44:05][INFO] ------------------------------------------------
[20:44:05][INFO] execution start
[20:44:05][DEBUG] autorun.sh executed
[20:44:05][DEBUG] monitor.sh executed
[20:44:05][DEBUG] global-bspwm.sh executed
[20:44:05][DEBUG] misc.sh executed
[20:44:05][INFO] loaded theme configuration - islands
[20:44:05][DEBUG] libinput.sh executed
[20:44:05][INFO] theme-loader executing functions
[20:44:06][INFO] theme-loader functions executed
[20:44:06][INFO] executed theme
[20:44:06][INFO] done
[20:44:06][INFO] ------------------------------------------------
[20:46:03][INFO] ------------------------------------------------
[20:46:03][INFO] execution start
[20:46:03][DEBUG] autorun.sh executed
[20:46:03][DEBUG] monitor.sh executed
[20:46:03][DEBUG] global-bspwm.sh executed
[20:46:03][DEBUG] misc.sh executed
[20:46:03][INFO] loaded theme configuration - islands
[20:46:03][DEBUG] libinput.sh executed
[20:46:03][INFO] theme-loader executing functions
[20:46:03][INFO] theme-loader functions executed
[20:46:03][INFO] executed theme
[20:46:03][INFO] done
[20:46:03][INFO] ------------------------------------------------
[20:46:07][INFO] ------------------------------------------------
[20:46:07][INFO] execution start
[20:46:07][DEBUG] autorun.sh executed
[20:46:07][DEBUG] monitor.sh executed
[20:46:07][DEBUG] global-bspwm.sh executed
[20:46:07][DEBUG] misc.sh executed
[20:46:07][INFO] loaded theme configuration - islands
[20:46:07][DEBUG] libinput.sh executed
[20:46:07][INFO] theme-loader executing functions
[20:46:07][INFO] theme-loader functions executed
[20:46:07][INFO] executed theme
[20:46:07][INFO] done
[20:46:07][INFO] ------------------------------------------------
[20:46:22][INFO] ------------------------------------------------
[20:46:22][INFO] execution start
[20:46:22][DEBUG] autorun.sh executed
[20:46:22][DEBUG] monitor.sh executed
[20:46:22][DEBUG] global-bspwm.sh executed
[20:46:22][DEBUG] misc.sh executed
[20:46:22][INFO] loaded theme configuration - islands
[20:46:22][DEBUG] libinput.sh executed
[20:46:22][INFO] theme-loader executing functions
[20:46:22][INFO] theme-loader functions executed
[20:46:22][INFO] executed theme
[20:46:22][INFO] done
[20:46:22][INFO] ------------------------------------------------
[20:46:50][INFO] ------------------------------------------------
[20:46:50][INFO] execution start
[20:46:50][DEBUG] autorun.sh executed
[20:46:50][DEBUG] monitor.sh executed
[20:46:50][DEBUG] global-bspwm.sh executed
[20:46:50][DEBUG] misc.sh executed
[20:46:50][INFO] loaded theme configuration - islands
[20:46:50][DEBUG] libinput.sh executed
[20:46:50][INFO] theme-loader executing functions
[20:46:50][INFO] theme-loader functions executed
[20:46:50][INFO] executed theme
[20:46:50][INFO] done
[20:46:50][INFO] ------------------------------------------------
[20:49:56][INFO] ------------------------------------------------
[20:49:56][INFO] execution start
[20:49:56][DEBUG] autorun.sh executed
[20:49:56][DEBUG] monitor.sh executed
[20:49:56][DEBUG] global-bspwm.sh executed
[20:49:56][DEBUG] misc.sh executed
[20:49:56][INFO] loaded theme configuration - islands
[20:49:56][DEBUG] libinput.sh executed
[20:49:56][INFO] theme-loader executing functions
[20:49:56][INFO] theme-loader functions executed
[20:49:56][INFO] executed theme
[20:49:56][INFO] done
[20:49:56][INFO] ------------------------------------------------
[20:50:08][INFO] ------------------------------------------------
[20:50:08][INFO] execution start
[20:50:08][DEBUG] autorun.sh executed
[20:50:08][DEBUG] monitor.sh executed
[20:50:08][DEBUG] global-bspwm.sh executed
[20:50:08][DEBUG] misc.sh executed
[20:50:08][INFO] loaded theme configuration - islands
[20:50:08][DEBUG] libinput.sh executed
[20:50:08][INFO] theme-loader executing functions
[20:50:09][INFO] theme-loader functions executed
[20:50:09][INFO] executed theme
[20:50:09][INFO] done
[20:50:09][INFO] ------------------------------------------------
[20:50:46][INFO] ------------------------------------------------
[20:50:46][INFO] execution start
[20:50:46][DEBUG] autorun.sh executed
[20:50:46][DEBUG] monitor.sh executed
[20:50:46][DEBUG] global-bspwm.sh executed
[20:50:46][DEBUG] misc.sh executed
[20:50:46][INFO] loaded theme configuration - islands
[20:50:46][DEBUG] libinput.sh executed
[20:50:46][INFO] theme-loader executing functions
[20:50:47][INFO] theme-loader functions executed
[20:50:47][INFO] executed theme
[20:50:47][INFO] done
[20:50:47][INFO] ------------------------------------------------
[20:51:00][INFO] ------------------------------------------------
[20:51:00][INFO] execution start
[20:51:00][DEBUG] autorun.sh executed
[20:51:00][DEBUG] monitor.sh executed
[20:51:00][DEBUG] global-bspwm.sh executed
[20:51:00][DEBUG] misc.sh executed
[20:51:00][INFO] loaded theme configuration - islands
[20:51:00][DEBUG] libinput.sh executed
[20:51:00][INFO] theme-loader executing functions
[20:51:00][INFO] theme-loader functions executed
[20:51:00][INFO] executed theme
[20:51:00][INFO] done
[20:51:00][INFO] ------------------------------------------------
[20:52:40][INFO] ------------------------------------------------
[20:52:40][INFO] execution start
[20:52:40][DEBUG] autorun.sh executed
[20:52:40][DEBUG] monitor.sh executed
[20:52:40][DEBUG] global-bspwm.sh executed
[20:52:40][DEBUG] misc.sh executed
[20:52:40][INFO] loaded theme configuration - islands
[20:52:40][DEBUG] libinput.sh executed
[20:52:40][INFO] theme-loader executing functions
[20:52:40][INFO] theme-loader functions executed
[20:52:40][INFO] executed theme
[20:52:40][INFO] done
[20:52:40][INFO] ------------------------------------------------
[20:54:12][INFO] ------------------------------------------------
[20:54:12][INFO] execution start
[20:54:12][DEBUG] autorun.sh executed
[20:54:12][DEBUG] monitor.sh executed
[20:54:12][DEBUG] global-bspwm.sh executed
[20:54:12][DEBUG] misc.sh executed
[20:54:12][INFO] loaded theme configuration - islands
[20:54:12][DEBUG] libinput.sh executed
[20:54:13][INFO] theme-loader executing functions
[20:54:13][INFO] theme-loader functions executed
[20:54:13][INFO] executed theme
[20:54:13][INFO] done
[20:54:13][INFO] ------------------------------------------------
[20:57:05][INFO] ------------------------------------------------
[20:57:05][INFO] execution start
[20:57:05][DEBUG] autorun.sh executed
[20:57:05][DEBUG] monitor.sh executed
[20:57:05][DEBUG] global-bspwm.sh executed
[20:57:05][DEBUG] misc.sh executed
[20:57:05][INFO] loaded theme configuration - islands
[20:57:05][DEBUG] libinput.sh executed
[20:57:05][INFO] theme-loader executing functions
[20:57:06][INFO] theme-loader functions executed
[20:57:06][INFO] executed theme
[20:57:06][INFO] done
[20:57:06][INFO] ------------------------------------------------
[20:57:41][INFO] ------------------------------------------------
[20:57:41][INFO] execution start
[20:57:42][DEBUG] autorun.sh executed
[20:57:42][DEBUG] monitor.sh executed
[20:57:42][DEBUG] global-bspwm.sh executed
[20:57:42][DEBUG] misc.sh executed
[20:57:42][INFO] loaded theme configuration - islands
[20:57:42][DEBUG] libinput.sh executed
[20:57:42][INFO] theme-loader executing functions
[20:57:42][INFO] theme-loader functions executed
[20:57:42][INFO] executed theme
[20:57:42][INFO] done
[20:57:42][INFO] ------------------------------------------------
[20:57:59][INFO] ------------------------------------------------
[20:57:59][INFO] execution start
[20:57:59][DEBUG] autorun.sh executed
[20:57:59][DEBUG] monitor.sh executed
[20:57:59][DEBUG] global-bspwm.sh executed
[20:57:59][DEBUG] misc.sh executed
[20:57:59][INFO] loaded theme configuration - islands
[20:57:59][DEBUG] libinput.sh executed
[20:58:00][INFO] theme-loader executing functions
[20:58:00][INFO] theme-loader functions executed
[20:58:00][INFO] executed theme
[20:58:00][INFO] done
[20:58:00][INFO] ------------------------------------------------
[20:59:46][INFO] ------------------------------------------------
[20:59:46][INFO] execution start
[20:59:46][DEBUG] autorun.sh executed
[20:59:46][DEBUG] monitor.sh executed
[20:59:46][DEBUG] global-bspwm.sh executed
[20:59:46][DEBUG] misc.sh executed
[20:59:46][INFO] loaded theme configuration - islands
[20:59:46][DEBUG] libinput.sh executed
[20:59:46][INFO] theme-loader executing functions
[20:59:47][INFO] theme-loader functions executed
[20:59:47][INFO] executed theme
[20:59:47][INFO] done
[20:59:47][INFO] ------------------------------------------------
[21:04:15][INFO] ------------------------------------------------
[21:04:15][INFO] execution start
[21:04:15][DEBUG] autorun.sh executed
[21:04:15][DEBUG] monitor.sh executed
[21:04:15][DEBUG] global-bspwm.sh executed
[21:04:15][DEBUG] misc.sh executed
[21:04:15][INFO] loaded theme configuration - islands
[21:04:15][DEBUG] libinput.sh executed
[21:04:15][INFO] theme-loader executing functions
[21:04:15][INFO] theme-loader functions executed
[21:04:15][INFO] executed theme
[21:04:15][INFO] done
[21:04:15][INFO] ------------------------------------------------
[21:04:29][INFO] ------------------------------------------------
[21:04:29][INFO] execution start
[21:04:29][DEBUG] autorun.sh executed
[21:04:29][DEBUG] monitor.sh executed
[21:04:29][DEBUG] global-bspwm.sh executed
[21:04:29][DEBUG] misc.sh executed
[21:04:29][INFO] loaded theme configuration - islands
[21:04:29][DEBUG] libinput.sh executed
[21:04:30][INFO] theme-loader executing functions
[21:04:30][INFO] theme-loader functions executed
[21:04:30][INFO] executed theme
[21:04:30][INFO] done
[21:04:30][INFO] ------------------------------------------------
[21:06:52][INFO] ------------------------------------------------
[21:06:52][INFO] execution start
[21:06:52][DEBUG] autorun.sh executed
[21:06:52][DEBUG] monitor.sh executed
[21:06:52][DEBUG] global-bspwm.sh executed
[21:06:52][DEBUG] misc.sh executed
[21:06:52][INFO] loaded theme configuration - islands
[21:06:52][DEBUG] libinput.sh executed
[21:06:52][INFO] theme-loader executing functions
[21:06:53][INFO] theme-loader functions executed
[21:06:53][INFO] executed theme
[21:06:53][INFO] done
[21:06:53][INFO] ------------------------------------------------
[21:07:56][INFO] ------------------------------------------------
[21:07:56][INFO] execution start
[21:07:56][DEBUG] autorun.sh executed
[21:07:56][DEBUG] monitor.sh executed
[21:07:56][DEBUG] global-bspwm.sh executed
[21:07:56][DEBUG] misc.sh executed
[21:07:56][INFO] loaded theme configuration - islands
[21:07:56][DEBUG] libinput.sh executed
[21:07:57][INFO] theme-loader executing functions
[21:07:57][INFO] theme-loader functions executed
[21:07:57][INFO] executed theme
[21:07:57][INFO] done
[21:07:57][INFO] ------------------------------------------------
[21:08:19][INFO] ------------------------------------------------
[21:08:19][INFO] execution start
[21:08:19][DEBUG] autorun.sh executed
[21:08:19][DEBUG] monitor.sh executed
[21:08:19][DEBUG] global-bspwm.sh executed
[21:08:19][DEBUG] misc.sh executed
[21:08:19][INFO] loaded theme configuration - islands
[21:08:19][DEBUG] libinput.sh executed
[21:08:19][INFO] theme-loader executing functions
[21:08:19][INFO] theme-loader functions executed
[21:08:19][INFO] executed theme
[21:08:19][INFO] done
[21:08:19][INFO] ------------------------------------------------
[21:08:28][INFO] ------------------------------------------------
[21:08:28][INFO] execution start
[21:08:28][DEBUG] autorun.sh executed
[21:08:28][DEBUG] monitor.sh executed
[21:08:28][DEBUG] global-bspwm.sh executed
[21:08:28][DEBUG] misc.sh executed
[21:08:28][INFO] loaded theme configuration - islands
[21:08:28][DEBUG] libinput.sh executed
[21:08:29][INFO] theme-loader executing functions
[21:08:29][INFO] theme-loader functions executed
[21:08:29][INFO] executed theme
[21:08:29][INFO] done
[21:08:29][INFO] ------------------------------------------------
[21:08:35][INFO] ------------------------------------------------
[21:08:35][INFO] execution start
[21:08:35][DEBUG] autorun.sh executed
[21:08:35][DEBUG] monitor.sh executed
[21:08:35][DEBUG] global-bspwm.sh executed
[21:08:35][DEBUG] misc.sh executed
[21:08:35][INFO] loaded theme configuration - islands
[21:08:35][DEBUG] libinput.sh executed
[21:08:35][INFO] theme-loader executing functions
[21:08:35][INFO] theme-loader functions executed
[21:08:35][INFO] executed theme
[21:08:35][INFO] done
[21:08:35][INFO] ------------------------------------------------
[21:08:47][INFO] ------------------------------------------------
[21:08:47][INFO] execution start
[21:08:47][DEBUG] autorun.sh executed
[21:08:47][DEBUG] monitor.sh executed
[21:08:47][DEBUG] global-bspwm.sh executed
[21:08:47][DEBUG] misc.sh executed
[21:08:47][INFO] loaded theme configuration - islands
[21:08:47][DEBUG] libinput.sh executed
[21:08:48][INFO] theme-loader executing functions
[21:08:48][INFO] theme-loader functions executed
[21:08:48][INFO] executed theme
[21:08:48][INFO] done
[21:08:48][INFO] ------------------------------------------------
[21:10:00][INFO] ------------------------------------------------
[21:10:00][INFO] execution start
[21:10:00][DEBUG] autorun.sh executed
[21:10:00][DEBUG] monitor.sh executed
[21:10:00][DEBUG] global-bspwm.sh executed
[21:10:00][DEBUG] misc.sh executed
[21:10:00][INFO] loaded theme configuration - islands
[21:10:00][DEBUG] libinput.sh executed
[21:10:00][INFO] theme-loader executing functions
[21:10:01][INFO] theme-loader functions executed
[21:10:01][INFO] executed theme
[21:10:01][INFO] done
[21:10:01][INFO] ------------------------------------------------
[21:10:36][INFO] ------------------------------------------------
[21:10:36][INFO] execution start
[21:10:36][DEBUG] autorun.sh executed
[21:10:36][DEBUG] monitor.sh executed
[21:10:36][DEBUG] global-bspwm.sh executed
[21:10:36][DEBUG] misc.sh executed
[21:10:36][INFO] loaded theme configuration - islands
[21:10:36][DEBUG] libinput.sh executed
[21:10:36][INFO] theme-loader executing functions
[21:10:36][INFO] theme-loader functions executed
[21:10:36][INFO] executed theme
[21:10:36][INFO] done
[21:10:36][INFO] ------------------------------------------------
[21:10:42][INFO] ------------------------------------------------
[21:10:42][INFO] execution start
[21:10:42][DEBUG] autorun.sh executed
[21:10:42][DEBUG] monitor.sh executed
[21:10:42][DEBUG] global-bspwm.sh executed
[21:10:42][DEBUG] misc.sh executed
[21:10:42][INFO] loaded theme configuration - islands
[21:10:42][DEBUG] libinput.sh executed
[21:10:42][INFO] theme-loader executing functions
[21:10:43][INFO] theme-loader functions executed
[21:10:43][INFO] executed theme
[21:10:43][INFO] done
[21:10:43][INFO] ------------------------------------------------
[21:10:51][INFO] ------------------------------------------------
[21:10:51][INFO] execution start
[21:10:51][DEBUG] autorun.sh executed
[21:10:51][DEBUG] monitor.sh executed
[21:10:51][DEBUG] global-bspwm.sh executed
[21:10:51][DEBUG] misc.sh executed
[21:10:51][INFO] loaded theme configuration - islands
[21:10:51][DEBUG] libinput.sh executed
[21:10:51][INFO] theme-loader executing functions
[21:10:51][INFO] theme-loader functions executed
[21:10:51][INFO] executed theme
[21:10:51][INFO] done
[21:10:51][INFO] ------------------------------------------------
[21:11:03][INFO] ------------------------------------------------
[21:11:03][INFO] execution start
[21:11:03][DEBUG] autorun.sh executed
[21:11:03][DEBUG] monitor.sh executed
[21:11:03][DEBUG] global-bspwm.sh executed
[21:11:03][DEBUG] misc.sh executed
[21:11:03][INFO] loaded theme configuration - islands
[21:11:03][DEBUG] libinput.sh executed
[21:11:04][INFO] theme-loader executing functions
[21:11:04][INFO] theme-loader functions executed
[21:11:04][INFO] executed theme
[21:11:04][INFO] done
[21:11:04][INFO] ------------------------------------------------
[22:06:28][INFO] ------------------------------------------------
[22:06:28][INFO] execution start
[22:06:28][DEBUG] autorun.sh executed
[22:06:28][DEBUG] monitor.sh executed
[22:06:28][DEBUG] global-bspwm.sh executed
[22:06:28][DEBUG] misc.sh executed
[22:06:28][INFO] loaded theme configuration - islands
[22:06:28][DEBUG] libinput.sh executed
[22:06:28][INFO] theme-loader executing functions
[22:06:29][INFO] theme-loader functions executed
[22:06:29][INFO] executed theme
[22:06:29][INFO] done
[22:06:29][INFO] ------------------------------------------------
[22:10:41][INFO] ------------------------------------------------
[22:10:41][INFO] execution start
[22:10:41][DEBUG] autorun.sh executed
[22:10:41][DEBUG] monitor.sh executed
[22:10:41][DEBUG] global-bspwm.sh executed
[22:10:41][DEBUG] misc.sh executed
[22:10:41][INFO] loaded theme configuration - islands
[22:10:41][DEBUG] libinput.sh executed
[22:10:42][INFO] theme-loader executing functions
[22:10:42][INFO] theme-loader functions executed
[22:10:42][INFO] executed theme
[22:10:42][INFO] done
[22:10:42][INFO] ------------------------------------------------
[22:10:45][INFO] ------------------------------------------------
[22:10:45][INFO] execution start
[22:10:45][DEBUG] autorun.sh executed
[22:10:45][DEBUG] monitor.sh executed
[22:10:45][DEBUG] global-bspwm.sh executed
[22:10:45][DEBUG] misc.sh executed
[22:10:45][INFO] loaded theme configuration - islands
[22:10:45][DEBUG] libinput.sh executed
[22:10:45][INFO] theme-loader executing functions
[22:10:45][INFO] theme-loader functions executed
[22:10:45][INFO] executed theme
[22:10:45][INFO] done
[22:10:45][INFO] ------------------------------------------------
